2025-06-17 11:37:03 - INFO - File saved successfully: /Users/xiu/Documents/FullStack/fastapi/backend/upload/candidate/20250617163703-Xiu_CL_AI_May25_AIDeveloper.docx - (service.py:38)
2025-06-17 11:38:14 - INFO - File saved successfully: /Users/xiu/Documents/FullStack/fastapi/backend/upload/candidate/20250617163814-20250617163703-Xiu_CL_AI_May25_AIDeveloper.docx - (service.py:38)
2025-06-17 11:38:14 - INFO - File saved successfully: /Users/xiu/Documents/FullStack/fastapi/backend/upload/candidate/20250617163814-Xiu_CL_AI_May25_CL.docx - (service.py:38)
2025-06-17 11:38:14 - INFO - File saved successfully: /Users/xiu/Documents/FullStack/fastapi/backend/upload/candidate/20250617163814-Xiu_CL_AI_May25_CL.pdf - (service.py:38)
2025-06-17 11:47:10 - INFO - File saved successfully: /Users/xiu/Documents/FullStack/fastapi/backend/upload/candidate/20250617164710-Xiu_CL_AI_May25_AIDeveloper.docx - (service.py:38)
2025-06-17 11:52:05 - INFO - File saved successfully: /Users/xiu/Documents/FullStack/fastapi/backend/upload/candidate/20250617165205-Xiu_CL_AI_May25_DA.docx - (service.py:38)
2025-06-17 11:53:15 - INFO - File saved successfully: /Users/xiu/Documents/FullStack/fastapi/backend/upload/candidate/20250617165315-Xiu_CL_AI_May25_DS.docx - (service.py:38)
2025-06-17 11:53:15 - INFO - Start analyse candidate - (service.py:78)
2025-06-17 11:53:18 - INFO - File saved successfully: /Users/xiu/Documents/FullStack/fastapi/backend/upload/candidate/20250617165318-Xiu_CL_AI_May25_DS.docx - (service.py:38)
2025-06-17 11:53:18 - INFO - Start analyse candidate - (service.py:78)
2025-06-17 12:03:35 - INFO - File saved successfully: /Users/xiu/Documents/FullStack/fastapi/backend/upload/candidate/20250617170335-Xiu_CL_AI_May25_DS.docx - (service.py:38)
2025-06-17 12:03:35 - INFO - Start analyse candidate - (service.py:78)
2025-06-17 12:14:02 - INFO - File saved successfully: /Users/xiu/Documents/FullStack/fastapi/backend/upload/candidate/20250617171402-Xiu_CL_AI_May25_ETL.docx - (service.py:38)
2025-06-17 12:14:02 - INFO - Start analyse candidate - (service.py:78)
2025-06-17 12:14:06 - INFO - Done analyse candidate - (service.py:97)
2025-06-17 12:14:06 - INFO - Time analyse candidate: 3.27669620513916 - (service.py:98)
2025-06-17 12:18:12 - INFO - File saved successfully: /Users/xiu/Documents/FullStack/fastapi/backend/upload/candidate/20250617171812-Xiu_CL_AI_May25_C.docx - (service.py:38)
2025-06-17 12:18:12 - INFO - Start analyse candidate - (service.py:78)
2025-06-17 12:19:25 - INFO - File saved successfully: /Users/xiu/Documents/FullStack/fastapi/backend/upload/candidate/20250617171925-Xiu_CL_AI_May25_DA.docx - (service.py:38)
2025-06-17 12:19:25 - INFO - Start analyse candidate - (service.py:78)
2025-06-17 12:20:14 - INFO - File saved successfully: /Users/xiu/Documents/FullStack/fastapi/backend/upload/candidate/20250617172014-Xiu_CL_AI_May25_ETL.docx - (service.py:38)
2025-06-17 12:20:14 - INFO - Start analyse candidate - (service.py:78)
2025-06-17 12:20:16 - INFO - Done analyse candidate - (service.py:97)
2025-06-17 12:20:16 - INFO - Time analyse candidate: 1.9529728889465332 - (service.py:98)
2025-06-17 12:21:26 - INFO - File saved successfully: /Users/xiu/Documents/FullStack/fastapi/backend/upload/candidate/20250617172126-Xiu_CL_AI_May25_genAI.docx - (service.py:38)
2025-06-17 12:21:26 - INFO - Start analyse candidate - (service.py:78)
2025-06-17 12:21:27 - INFO - Done analyse candidate - (service.py:97)
2025-06-17 12:21:27 - INFO - Time analyse candidate: 1.7242629528045654 - (service.py:98)
2025-06-19 13:31:10 - INFO - File saved successfully: /Users/xiu/Documents/FullStack/fastapi/backend/upload/candidate/20250619183110-Xiu_CL_AI_May25_C.docx - (service.py:38)
2025-06-19 13:31:10 - INFO - Start analyse candidate - (service.py:78)
2025-06-19 13:55:34 - INFO - File saved successfully: /Users/xiu/Documents/FullStack/fastapi/backend/upload/candidate/20250619185534-Xiu_CL_AI_May25_AIDeveloper.docx - (service.py:38)
2025-06-19 13:55:34 - INFO - Start analyse candidate - (service.py:78)
2025-06-19 13:57:07 - INFO - File saved successfully: /Users/xiu/Documents/FullStack/fastapi/backend/upload/candidate/20250619185707-Xiu_CL_AI_May25_DA.docx - (service.py:38)
2025-06-19 13:57:07 - INFO - Start analyse candidate - (service.py:78)
2025-06-19 13:57:42 - INFO - File saved successfully: /Users/xiu/Documents/FullStack/fastapi/backend/upload/candidate/20250619185742-Xiu_CL_AI_May25_DA.docx - (service.py:38)
2025-06-19 13:57:42 - INFO - Start analyse candidate - (service.py:78)
2025-06-19 13:59:02 - INFO - File saved successfully: /Users/xiu/Documents/FullStack/fastapi/backend/upload/candidate/20250619185902-Xiu_CL_AI_May25.docx - (service.py:38)
2025-06-19 13:59:02 - INFO - Start analyse candidate - (service.py:78)
2025-06-19 13:59:04 - INFO - Done analyse candidate - (service.py:97)
2025-06-19 13:59:04 - INFO - Time analyse candidate: 1.7776319980621338 - (service.py:98)
2025-06-19 14:01:07 - INFO - File saved successfully: /Users/xiu/Documents/FullStack/fastapi/backend/upload/candidate/20250619190107-Xiu_CL_AI_May25_ETL.docx - (service.py:38)
2025-06-19 14:01:07 - INFO - Start analyse candidate - (service.py:78)
2025-06-19 14:01:10 - INFO - Done analyse candidate - (service.py:97)
2025-06-19 14:01:10 - INFO - Time analyse candidate: 2.9907820224761963 - (service.py:98)
2025-06-20 13:47:27 - INFO - File saved successfully: /Users/xiu/Documents/FullStack/fastapi/backend/upload/candidate/20250620184727-Xiu_CL_AI_May25_AIDeveloper.docx - (service.py:38)
2025-06-20 13:47:27 - INFO - Start analyse candidate - (service.py:78)
2025-06-20 13:47:28 - INFO - Done analyse candidate - (service.py:97)
2025-06-20 13:47:28 - INFO - Time analyse candidate: 1.4141581058502197 - (service.py:98)
2025-06-20 13:49:51 - INFO - File saved successfully: /Users/xiu/Documents/FullStack/fastapi/backend/upload/candidate/20250620184951-Xiu_CL_AI_May25_C.docx - (service.py:38)
2025-06-20 13:49:51 - INFO - Start analyse candidate - (service.py:78)
2025-06-20 13:49:52 - INFO - Done analyse candidate - (service.py:97)
2025-06-20 13:49:52 - INFO - Time analyse candidate: 1.6499390602111816 - (service.py:98)
2025-06-20 13:52:05 - INFO - File saved successfully: /Users/xiu/Documents/FullStack/fastapi/backend/upload/candidate/20250620185205-Xiu_CL_AI_May25_C.docx - (service.py:38)
2025-06-20 13:52:05 - INFO - Start analyse candidate - (service.py:78)
2025-06-20 13:52:07 - INFO - Done analyse candidate - (service.py:97)
2025-06-20 13:52:07 - INFO - Time analyse candidate: 1.7562601566314697 - (service.py:98)
2025-06-20 13:52:07 - INFO - File saved successfully: /Users/xiu/Documents/FullStack/fastapi/backend/upload/candidate/20250620185207-Xiu_CL_AI_May25_C.docx - (service.py:38)
2025-06-20 13:52:07 - INFO - Start analyse candidate - (service.py:78)
2025-06-20 13:52:08 - INFO - Done analyse candidate - (service.py:97)
2025-06-20 13:52:08 - INFO - Time analyse candidate: 1.4031639099121094 - (service.py:98)
2025-06-20 13:52:08 - INFO - File saved successfully: /Users/xiu/Documents/FullStack/fastapi/backend/upload/candidate/20250620185208-Xiu_CL_AI_May25_C.docx - (service.py:38)
2025-06-20 13:52:08 - INFO - Start analyse candidate - (service.py:78)
2025-06-20 13:52:10 - INFO - Done analyse candidate - (service.py:97)
2025-06-20 13:52:10 - INFO - Time analyse candidate: 1.6271331310272217 - (service.py:98)
2025-06-20 13:54:23 - INFO - File saved successfully: /Users/xiu/Documents/FullStack/fastapi/backend/upload/candidate/20250620185423-Xiu_CL_AI_May25_AIDeveloper.docx - (service.py:38)
2025-06-20 13:54:23 - INFO - Start analyse candidate - (service.py:78)
2025-06-20 13:54:24 - INFO - Done analyse candidate - (service.py:97)
2025-06-20 13:54:24 - INFO - Time analyse candidate: 1.4898402690887451 - (service.py:98)
2025-06-20 13:55:13 - INFO - File saved successfully: /Users/xiu/Documents/FullStack/fastapi/backend/upload/candidate/20250620185513-Xiu_CL_AI_May25_AIDeveloper.docx - (service.py:38)
2025-06-20 13:55:13 - INFO - Start analyse candidate - (service.py:78)
2025-06-20 13:55:15 - INFO - Done analyse candidate - (service.py:97)
2025-06-20 13:55:15 - INFO - Time analyse candidate: 1.4300055503845215 - (service.py:98)
2025-06-20 13:55:27 - INFO - File saved successfully: /Users/xiu/Documents/FullStack/fastapi/backend/upload/candidate/20250620185527-Xiu_CL_AI_May25_AIDeveloper.docx - (service.py:38)
2025-06-20 13:55:27 - INFO - Start analyse candidate - (service.py:78)
2025-06-20 13:55:28 - INFO - Done analyse candidate - (service.py:97)
2025-06-20 13:55:28 - INFO - Time analyse candidate: 1.8661508560180664 - (service.py:98)
2025-06-20 14:00:04 - INFO - File saved successfully: /Users/xiu/Documents/FullStack/fastapi/backend/upload/candidate/20250620190004-Xiu_CL_AI_May25_AIDeveloper.docx - (service.py:38)
2025-06-20 14:00:04 - INFO - Start analyse candidate - (service.py:78)
2025-06-20 14:00:06 - INFO - Done analyse candidate - (service.py:97)
2025-06-20 14:00:06 - INFO - Time analyse candidate: 1.7907938957214355 - (service.py:98)
2025-06-20 14:01:12 - INFO - File saved successfully: /Users/xiu/Documents/FullStack/fastapi/backend/upload/candidate/20250620190112-Xiu_CL_AI_May25_AIDeveloper.docx - (service.py:38)
2025-06-20 14:01:12 - INFO - Start analyse candidate - (service.py:78)
2025-06-20 14:01:13 - INFO - Done analyse candidate - (service.py:97)
2025-06-20 14:01:13 - INFO - Time analyse candidate: 1.4386110305786133 - (service.py:98)
2025-06-20 14:05:13 - INFO - File saved successfully: /Users/xiu/Documents/FullStack/fastapi/backend/upload/candidate/20250620190513-Xiu_CL_AI_May25_C.docx - (service.py:38)
2025-06-20 14:05:13 - INFO - Start analyse candidate - (service.py:78)
2025-06-20 14:05:15 - INFO - Done analyse candidate - (service.py:97)
2025-06-20 14:05:15 - INFO - Time analyse candidate: 1.5239918231964111 - (service.py:98)
2025-06-20 14:24:33 - INFO - File saved successfully: /Users/xiu/Documents/FullStack/fastapi/backend/upload/candidate/20250620192433-Xiu_CL_AI_May25_C.docx - (service.py:38)
2025-06-20 14:24:33 - INFO - Start analyse candidate - (service.py:78)
2025-06-20 14:24:35 - INFO - Done analyse candidate - (service.py:97)
2025-06-20 14:24:35 - INFO - Time analyse candidate: 1.6126930713653564 - (service.py:98)
2025-06-20 14:28:45 - INFO - File saved successfully: /Users/xiu/Documents/FullStack/fastapi/backend/upload/candidate/20250620192845-Xiu_CL_AI_May25_C.docx - (service.py:38)
2025-06-20 14:28:45 - INFO - Start analyse candidate - (service.py:78)
2025-06-20 14:28:47 - INFO - Done analyse candidate - (service.py:97)
2025-06-20 14:28:47 - INFO - Time analyse candidate: 1.9781749248504639 - (service.py:98)
2025-06-20 14:55:23 - INFO - File saved successfully: /Users/xiu/Documents/FullStack/fastapi/backend/upload/candidate/20250620195523-Xiu_CL_AI_May25_C.docx - (service.py:38)
2025-06-20 14:55:23 - INFO - Start analyse candidate - (service.py:78)
2025-06-20 14:55:26 - INFO - Done analyse candidate - (service.py:97)
2025-06-20 14:55:26 - INFO - Time analyse candidate: 2.9873762130737305 - (service.py:98)
2025-06-20 14:55:26 - INFO - File saved successfully: /Users/xiu/Documents/FullStack/fastapi/backend/upload/candidate/20250620195526-Xiu_CL_AI_May25_C.docx - (service.py:38)
2025-06-20 14:55:26 - INFO - Start analyse candidate - (service.py:78)
2025-06-20 14:55:28 - INFO - Done analyse candidate - (service.py:97)
2025-06-20 14:55:28 - INFO - Time analyse candidate: 1.570430040359497 - (service.py:98)
2025-06-20 15:05:19 - INFO - File saved successfully: /Users/xiu/Documents/FullStack/fastapi/backend/upload/candidate/20250620200519-Xiu_CL_AI_May25_C.docx - (service.py:38)
2025-06-20 15:05:19 - INFO - Start analyse candidate - (service.py:78)
2025-06-20 15:05:22 - INFO - Done analyse candidate - (service.py:97)
2025-06-20 15:05:22 - INFO - Time analyse candidate: 3.0876669883728027 - (service.py:98)
2025-06-20 15:07:17 - INFO - File saved successfully: /Users/xiu/Documents/FullStack/fastapi/backend/upload/candidate/20250620200717-Xiu_CL_AI_May25_AIDeveloper.docx - (service.py:38)
2025-06-20 15:07:17 - INFO - Start analyse candidate - (service.py:78)
2025-06-20 15:07:19 - INFO - Done analyse candidate - (service.py:97)
2025-06-20 15:07:19 - INFO - Time analyse candidate: 1.4699721336364746 - (service.py:98)
2025-06-20 15:07:52 - INFO - File saved successfully: /Users/xiu/Documents/FullStack/fastapi/backend/upload/candidate/20250620200752-Xiu_CL_AI_May25_DS.docx - (service.py:38)
2025-06-20 15:07:52 - INFO - Start analyse candidate - (service.py:78)
2025-06-20 15:07:54 - INFO - Done analyse candidate - (service.py:97)
2025-06-20 15:07:54 - INFO - Time analyse candidate: 1.9815900325775146 - (service.py:98)
2025-06-22 05:49:47 - INFO - File saved successfully: /Users/xiu/Documents/FullStack/fastapi/backend/upload/candidate/20250622104947-Xiu_CL_AI_May25_AIDeveloper.docx - (service.py:38)
2025-06-22 05:49:47 - INFO - Start analyse candidate - (service.py:78)
2025-06-22 05:49:49 - INFO - Done analyse candidate - (service.py:97)
2025-06-22 05:49:49 - INFO - Time analyse candidate: 1.9823238849639893 - (service.py:98)
2025-06-22 06:08:44 - INFO - File saved successfully: /Users/xiu/Documents/FullStack/fastapi/backend/upload/candidate/20250622110844-Xiu_CL_AI_May25_AIDeveloper.docx - (service.py:38)
2025-06-22 06:08:44 - INFO - Start analyse candidate - (service.py:78)
2025-06-22 06:08:46 - INFO - Done analyse candidate - (service.py:97)
2025-06-22 06:08:46 - INFO - Time analyse candidate: 2.0014090538024902 - (service.py:98)
2025-06-22 06:08:46 - INFO - File saved successfully: /Users/xiu/Documents/FullStack/fastapi/backend/upload/candidate/20250622110846-Xiu_CL_AI_May25_C.docx - (service.py:38)
2025-06-22 06:08:46 - INFO - Start analyse candidate - (service.py:78)
2025-06-22 06:08:47 - INFO - Done analyse candidate - (service.py:97)
2025-06-22 06:08:47 - INFO - Time analyse candidate: 1.3691339492797852 - (service.py:98)
2025-06-22 06:12:59 - INFO - File saved successfully: /Users/xiu/Documents/FullStack/fastapi/backend/upload/candidate/20250622111259-Xiu_CL_AI_May25.docx - (service.py:38)
2025-06-22 06:12:59 - INFO - Start analyse candidate - (service.py:78)
2025-06-22 06:13:01 - INFO - Done analyse candidate - (service.py:97)
2025-06-22 06:13:01 - INFO - Time analyse candidate: 1.918041706085205 - (service.py:98)
2025-06-22 06:13:01 - INFO - File saved successfully: /Users/xiu/Documents/FullStack/fastapi/backend/upload/candidate/20250622111301-Xiu_CV_AI_June25.docx - (service.py:38)
2025-06-22 06:13:01 - INFO - Start analyse candidate - (service.py:78)
2025-06-22 06:13:03 - INFO - Done analyse candidate - (service.py:97)
2025-06-22 06:13:03 - INFO - Time analyse candidate: 2.0572969913482666 - (service.py:98)
2025-06-22 06:37:33 - INFO - File saved successfully: /Users/xiu/Documents/FullStack/fastapi/backend/upload/candidate/20250622113733-Xiu_CV_AI_June25.docx - (service.py:38)
2025-06-22 06:37:33 - INFO - Start analyse candidate - (service.py:78)
2025-06-22 06:37:35 - INFO - Done analyse candidate - (service.py:97)
2025-06-22 06:37:35 - INFO - Time analyse candidate: 2.7633039951324463 - (service.py:98)
2025-06-22 06:37:35 - INFO - File saved successfully: /Users/xiu/Documents/FullStack/fastapi/backend/upload/candidate/20250622113735-Xiu_CV_AI_May25.docx - (service.py:38)
2025-06-22 06:37:35 - INFO - Start analyse candidate - (service.py:78)
2025-06-22 06:37:38 - INFO - Done analyse candidate - (service.py:97)
2025-06-22 06:37:38 - INFO - Time analyse candidate: 2.2182672023773193 - (service.py:98)
2025-06-22 08:46:12 - INFO - File saved successfully: /Users/xiu/Documents/FullStack/fastapi/backend/upload/candidate/20250622134612-Xiu_CL_AI_May25_AIDeveloper.docx - (service.py:38)
2025-06-22 08:46:12 - INFO - Start analyse candidate - (service.py:78)
2025-06-22 08:46:14 - INFO - Done analyse candidate - (service.py:97)
2025-06-22 08:46:14 - INFO - Time analyse candidate: 2.120331048965454 - (service.py:98)
2025-06-22 08:46:14 - INFO - File saved successfully: /Users/xiu/Documents/FullStack/fastapi/backend/upload/candidate/20250622134614-Xiu_CL_AI_May25_C.docx - (service.py:38)
2025-06-22 08:46:14 - INFO - Start analyse candidate - (service.py:78)
2025-06-22 08:46:16 - INFO - Done analyse candidate - (service.py:97)
2025-06-22 08:46:16 - INFO - Time analyse candidate: 1.8472139835357666 - (service.py:98)
2025-06-22 08:46:16 - INFO - File saved successfully: /Users/xiu/Documents/FullStack/fastapi/backend/upload/candidate/20250622134616-Xiu_CL_AI_May25_AIDeveloper.docx - (service.py:38)
2025-06-22 08:46:16 - INFO - Start analyse candidate - (service.py:78)
2025-06-22 08:46:17 - INFO - Done analyse candidate - (service.py:97)
2025-06-22 08:46:17 - INFO - Time analyse candidate: 1.4491231441497803 - (service.py:98)
2025-06-22 08:46:17 - INFO - File saved successfully: /Users/xiu/Documents/FullStack/fastapi/backend/upload/candidate/20250622134617-Xiu_CL_AI_May25_C.docx - (service.py:38)
2025-06-22 08:46:17 - INFO - Start analyse candidate - (service.py:78)
2025-06-22 08:46:19 - INFO - Done analyse candidate - (service.py:97)
2025-06-22 08:46:19 - INFO - Time analyse candidate: 1.555176019668579 - (service.py:98)
2025-06-22 08:48:51 - INFO - File saved successfully: /Users/xiu/Documents/FullStack/fastapi/backend/upload/candidate/20250622134851-Xiu_CL_AI_May25_C.docx - (service.py:38)
2025-06-22 08:48:51 - INFO - Start analyse candidate - (service.py:78)
2025-06-22 08:48:53 - INFO - Done analyse candidate - (service.py:97)
2025-06-22 08:48:53 - INFO - Time analyse candidate: 2.1165449619293213 - (service.py:98)
2025-06-22 08:48:53 - INFO - File saved successfully: /Users/xiu/Documents/FullStack/fastapi/backend/upload/candidate/20250622134853-Xiu_CL_AI_May25_AIDeveloper.docx - (service.py:38)
2025-06-22 08:48:53 - INFO - Start analyse candidate - (service.py:78)
2025-06-22 08:48:54 - INFO - Done analyse candidate - (service.py:97)
2025-06-22 08:48:54 - INFO - Time analyse candidate: 1.6731629371643066 - (service.py:98)
2025-06-22 08:57:29 - INFO - File saved successfully: /Users/xiu/Documents/FullStack/fastapi/backend/upload/candidate/20250622135729-Xiu_CL_AI_May25_AIDeveloper.docx - (service.py:38)
2025-06-22 08:57:30 - INFO - Start analyse candidate - (service.py:78)
2025-06-22 08:57:31 - INFO - Done analyse candidate - (service.py:97)
2025-06-22 08:57:31 - INFO - Time analyse candidate: 1.8839848041534424 - (service.py:98)
2025-06-22 08:57:31 - INFO - File saved successfully: /Users/xiu/Documents/FullStack/fastapi/backend/upload/candidate/20250622135731-Xiu_CL_AI_May25_C.docx - (service.py:38)
2025-06-22 08:57:31 - INFO - Start analyse candidate - (service.py:78)
2025-06-22 08:57:33 - INFO - Done analyse candidate - (service.py:97)
2025-06-22 08:57:33 - INFO - Time analyse candidate: 1.4919729232788086 - (service.py:98)
2025-06-22 08:59:49 - INFO - File saved successfully: /Users/xiu/Documents/FullStack/fastapi/backend/upload/candidate/20250622135949-Xiu_CL_AI_May25_C.docx - (service.py:38)
2025-06-22 08:59:49 - INFO - Start analyse candidate - (service.py:78)
2025-06-22 08:59:53 - INFO - Done analyse candidate - (service.py:97)
2025-06-22 08:59:53 - INFO - Time analyse candidate: 3.381071090698242 - (service.py:98)
2025-06-22 08:59:53 - INFO - File saved successfully: /Users/xiu/Documents/FullStack/fastapi/backend/upload/candidate/20250622135953-Xiu_CL_AI_May25_AIDeveloper.docx - (service.py:38)
2025-06-22 08:59:53 - INFO - Start analyse candidate - (service.py:78)
2025-06-22 08:59:54 - INFO - Done analyse candidate - (service.py:97)
2025-06-22 08:59:54 - INFO - Time analyse candidate: 1.7043020725250244 - (service.py:98)
2025-06-22 09:04:10 - INFO - File saved successfully: /Users/xiu/Documents/FullStack/fastapi/backend/upload/candidate/20250622140410-Xiu_CL_AI_May25_C.docx - (service.py:38)
2025-06-22 09:04:10 - INFO - Start analyse candidate - (service.py:78)
2025-06-22 09:04:13 - INFO - Done analyse candidate - (service.py:97)
2025-06-22 09:04:13 - INFO - Time analyse candidate: 2.3724400997161865 - (service.py:98)
2025-06-22 09:04:13 - INFO - File saved successfully: /Users/xiu/Documents/FullStack/fastapi/backend/upload/candidate/20250622140413-Xiu_CL_AI_May25_AIDeveloper.docx - (service.py:38)
2025-06-22 09:04:13 - INFO - Start analyse candidate - (service.py:78)
2025-06-22 09:04:14 - INFO - Done analyse candidate - (service.py:97)
2025-06-22 09:04:14 - INFO - Time analyse candidate: 1.497459888458252 - (service.py:98)
2025-06-22 12:45:09 - INFO - File saved successfully: /Users/xiu/Documents/FullStack/fastapi/backend/upload/candidate/20250622174509-Xiu_CL_AI_May25_C.docx - (service.py:38)
2025-06-22 12:45:09 - INFO - Start analyse candidate - (service.py:78)
2025-06-22 12:45:10 - INFO - File saved successfully: /Users/xiu/Documents/FullStack/fastapi/backend/upload/candidate/20250622174510-Xiu_CL_AI_May25_CL.docx - (service.py:38)
2025-06-22 12:45:10 - INFO - Start analyse candidate - (service.py:78)
2025-06-22 12:47:52 - INFO - File saved successfully: /Users/xiu/Documents/FullStack/fastapi/backend/upload/candidate/20250622174752-Xiu_CL_AI_May25_CL.docx - (service.py:38)
2025-06-22 12:47:52 - INFO - Start analyse candidate - (service.py:78)
2025-06-22 12:47:53 - INFO - File saved successfully: /Users/xiu/Documents/FullStack/fastapi/backend/upload/candidate/20250622174753-Xiu_CL_AI_May25_C.docx - (service.py:38)
2025-06-22 12:47:53 - INFO - Start analyse candidate - (service.py:78)
2025-06-22 12:50:13 - INFO - File saved successfully: /Users/xiu/Documents/FullStack/fastapi/backend/upload/candidate/20250622175013-Xiu_CL_AI_May25_CL.docx - (service.py:38)
2025-06-22 12:50:13 - INFO - Start analyse candidate - (service.py:78)
2025-06-22 12:50:17 - INFO - Done analyse candidate - (service.py:97)
2025-06-22 12:50:17 - INFO - Time analyse candidate: 3.6572978496551514 - (service.py:98)
2025-06-22 12:50:17 - INFO - File saved successfully: /Users/xiu/Documents/FullStack/fastapi/backend/upload/candidate/20250622175017-Xiu_CL_AI_May25_DA.docx - (service.py:38)
2025-06-22 12:50:17 - INFO - Start analyse candidate - (service.py:78)
2025-06-22 12:50:19 - INFO - Done analyse candidate - (service.py:97)
2025-06-22 12:50:19 - INFO - Time analyse candidate: 1.910102128982544 - (service.py:98)
2025-06-22 13:20:25 - INFO - File saved successfully: /Users/xiu/Documents/FullStack/fastapi/backend/upload/candidate/20250622182025-Xiu_CL_AI_May25_AIDeveloper.docx - (service.py:38)
2025-06-22 13:20:25 - INFO - Start analyse candidate - (service.py:78)
2025-06-22 13:20:28 - INFO - Done analyse candidate - (service.py:97)
2025-06-22 13:20:28 - INFO - Time analyse candidate: 2.4196438789367676 - (service.py:98)
2025-06-22 13:20:28 - INFO - File saved successfully: /Users/xiu/Documents/FullStack/fastapi/backend/upload/candidate/20250622182028-Xiu_CL_AI_May25_C.docx - (service.py:38)
2025-06-22 13:20:28 - INFO - Start analyse candidate - (service.py:78)
2025-06-22 13:20:29 - INFO - Done analyse candidate - (service.py:97)
2025-06-22 13:20:29 - INFO - Time analyse candidate: 1.5324950218200684 - (service.py:98)
2025-06-22 13:20:51 - INFO - Start analyse matching - (service.py:35)
2025-06-22 13:22:32 - INFO - Start analyse matching - (service.py:36)
2025-06-22 13:22:34 - INFO - Done analyse matching - (service.py:86)
2025-06-22 13:22:34 - INFO - Time analyse matching: 1.7853481769561768 - (service.py:87)
2025-06-22 13:32:29 - INFO - File saved successfully: /Users/xiu/Documents/FullStack/fastapi/backend/upload/candidate/20250622183229-Xiu_CL_AI_May25_C.docx - (service.py:38)
2025-06-22 13:32:29 - INFO - Start analyse candidate - (service.py:78)
2025-06-22 13:32:31 - INFO - Done analyse candidate - (service.py:97)
2025-06-22 13:32:31 - INFO - Time analyse candidate: 1.633152723312378 - (service.py:98)
2025-06-22 13:32:31 - INFO - File saved successfully: /Users/xiu/Documents/FullStack/fastapi/backend/upload/candidate/20250622183231-Xiu_CL_AI_May25_DA.docx - (service.py:38)
2025-06-22 13:32:31 - INFO - Start analyse candidate - (service.py:78)
2025-06-22 13:32:33 - INFO - Done analyse candidate - (service.py:97)
2025-06-22 13:32:33 - INFO - Time analyse candidate: 1.524893045425415 - (service.py:98)
2025-06-22 13:32:46 - INFO - Start analyse matching - (service.py:36)
2025-06-22 13:32:47 - INFO - Done analyse matching - (service.py:86)
2025-06-22 13:32:47 - INFO - Time analyse matching: 1.6588339805603027 - (service.py:87)
2025-06-22 13:34:38 - INFO - Start analyse matching - (service.py:36)
2025-06-22 13:34:40 - INFO - Done analyse matching - (service.py:86)
2025-06-22 13:34:40 - INFO - Time analyse matching: 1.9364290237426758 - (service.py:87)
2025-06-22 13:34:56 - INFO - Start analyse matching - (service.py:36)
2025-06-22 13:34:58 - INFO - Done analyse matching - (service.py:86)
2025-06-22 13:34:58 - INFO - Time analyse matching: 2.0136878490448 - (service.py:87)
2025-06-22 13:38:09 - INFO - Start analyse matching - (service.py:36)
2025-06-22 13:38:12 - INFO - Done analyse matching - (service.py:86)
2025-06-22 13:38:12 - INFO - Time analyse matching: 2.7639570236206055 - (service.py:87)
2025-06-22 13:43:33 - INFO - Start analyse matching - (service.py:31)
2025-06-22 13:43:37 - INFO - Start analyse matching - (service.py:31)
2025-06-22 13:44:27 - INFO - Start analyse matching - (service.py:31)
2025-06-22 13:44:29 - INFO - Done analyse matching - (service.py:73)
2025-06-22 13:44:29 - INFO - Time analyse matching: 2.254901885986328 - (service.py:74)
2025-06-22 13:44:43 - INFO - Start analyse matching - (service.py:31)
2025-06-22 13:44:45 - INFO - Done analyse matching - (service.py:73)
2025-06-22 13:44:45 - INFO - Time analyse matching: 2.1647958755493164 - (service.py:74)
2025-06-22 13:46:45 - INFO - Start analyse matching - (service.py:31)
2025-06-22 13:46:46 - INFO - Done analyse matching - (service.py:73)
2025-06-22 13:46:46 - INFO - Time analyse matching: 1.3884568214416504 - (service.py:74)
2025-06-22 13:47:57 - INFO - Start analyse matching - (service.py:31)
2025-06-22 13:48:00 - INFO - Done analyse matching - (service.py:73)
2025-06-22 13:48:00 - INFO - Time analyse matching: 2.2870776653289795 - (service.py:74)
2025-06-22 13:51:39 - INFO - Start analyse matching - (service.py:31)
2025-06-22 13:51:41 - INFO - Done analyse matching - (service.py:73)
2025-06-22 13:51:41 - INFO - Time analyse matching: 2.458908796310425 - (service.py:74)
2025-06-22 13:51:55 - INFO - Start analyse matching - (service.py:31)
2025-06-22 13:51:57 - INFO - Done analyse matching - (service.py:73)
2025-06-22 13:51:57 - INFO - Time analyse matching: 1.8756580352783203 - (service.py:74)
2025-06-22 13:54:47 - INFO - Start analyse matching - (service.py:31)
2025-06-22 13:54:48 - INFO - Done analyse matching - (service.py:73)
2025-06-22 13:54:48 - INFO - Time analyse matching: 1.8161900043487549 - (service.py:74)
2025-06-22 13:57:54 - INFO - File saved successfully: /Users/xiu/Documents/FullStack/fastapi/backend/upload/candidate/20250622185754-Xiu_CL_AI_May25_C.docx - (service.py:38)
2025-06-22 13:57:54 - INFO - Start analyse candidate - (service.py:78)
2025-06-22 13:57:56 - INFO - Done analyse candidate - (service.py:97)
2025-06-22 13:57:56 - INFO - Time analyse candidate: 1.884117603302002 - (service.py:98)
2025-06-22 13:57:56 - INFO - File saved successfully: /Users/xiu/Documents/FullStack/fastapi/backend/upload/candidate/20250622185756-self-introduction.docx - (service.py:38)
2025-06-22 13:57:56 - INFO - Start analyse candidate - (service.py:78)
2025-06-22 13:57:58 - INFO - Done analyse candidate - (service.py:97)
2025-06-22 13:57:58 - INFO - Time analyse candidate: 1.8267757892608643 - (service.py:98)
2025-06-22 13:57:59 - INFO - Start analyse matching - (service.py:31)
2025-06-22 13:58:01 - INFO - Done analyse matching - (service.py:73)
2025-06-22 13:58:01 - INFO - Time analyse matching: 1.7117722034454346 - (service.py:74)
2025-06-22 14:01:11 - INFO - Start analyse matching - (service.py:31)
2025-06-22 14:01:13 - INFO - Done analyse matching - (service.py:73)
2025-06-22 14:01:13 - INFO - Time analyse matching: 1.6854493618011475 - (service.py:74)
2025-06-22 14:05:40 - INFO - Start analyse matching - (service.py:31)
2025-06-22 14:05:41 - INFO - Done analyse matching - (service.py:73)
2025-06-22 14:05:41 - INFO - Time analyse matching: 1.5448379516601562 - (service.py:74)
2025-06-22 14:05:41 - INFO - Start analyse matching - (service.py:31)
2025-06-22 14:05:43 - INFO - Done analyse matching - (service.py:73)
2025-06-22 14:05:43 - INFO - Time analyse matching: 1.8404088020324707 - (service.py:74)
2025-06-22 14:08:05 - INFO - File saved successfully: /Users/xiu/Documents/FullStack/fastapi/backend/upload/candidate/20250622190805-self-introduction.docx - (service.py:38)
2025-06-22 14:08:05 - INFO - Start analyse candidate - (service.py:78)
2025-06-22 14:08:06 - INFO - Done analyse candidate - (service.py:97)
2025-06-22 14:08:06 - INFO - Time analyse candidate: 1.418713092803955 - (service.py:98)
2025-06-22 14:08:06 - INFO - File saved successfully: /Users/xiu/Documents/FullStack/fastapi/backend/upload/candidate/20250622190806-Xiu_CL_AI_May25_AIDeveloper.docx - (service.py:38)
2025-06-22 14:08:06 - INFO - Start analyse candidate - (service.py:78)
2025-06-22 14:08:08 - INFO - Done analyse candidate - (service.py:97)
2025-06-22 14:08:08 - INFO - Time analyse candidate: 1.6845898628234863 - (service.py:98)
2025-06-22 14:08:19 - INFO - Start analyse matching - (service.py:31)
2025-06-22 14:08:20 - INFO - Done analyse matching - (service.py:73)
2025-06-22 14:08:20 - INFO - Time analyse matching: 1.8806228637695312 - (service.py:74)
2025-06-22 14:08:20 - INFO - Start analyse matching - (service.py:31)
2025-06-22 14:08:22 - INFO - Done analyse matching - (service.py:73)
2025-06-22 14:08:22 - INFO - Time analyse matching: 1.496711015701294 - (service.py:74)
2025-06-22 14:12:08 - INFO - Start analyse matching - (service.py:31)
2025-06-22 14:12:11 - INFO - Done analyse matching - (service.py:73)
2025-06-22 14:12:11 - INFO - Time analyse matching: 2.5764882564544678 - (service.py:74)
2025-06-22 14:12:11 - INFO - Start analyse matching - (service.py:31)
2025-06-22 14:12:12 - INFO - Done analyse matching - (service.py:73)
2025-06-22 14:12:12 - INFO - Time analyse matching: 1.3399662971496582 - (service.py:74)
2025-06-23 09:10:03 - INFO - File saved successfully: /Users/xiu/Documents/FullStack/fastapi/backend/upload/candidate/20250623141003-Xiu_CL_AI_May25_AIDeveloper.docx - (service.py:38)
2025-06-23 09:10:03 - INFO - Start analyse candidate - (service.py:78)
2025-06-23 09:10:06 - INFO - Done analyse candidate - (service.py:97)
2025-06-23 09:10:06 - INFO - Time analyse candidate: 2.6473610401153564 - (service.py:98)
2025-06-23 09:13:50 - INFO - File saved successfully: /Users/xiu/Documents/FullStack/fastapi/backend/upload/candidate/20250623141350-Xiu_CL_AI_May25_AIDeveloper.docx - (service.py:38)
2025-06-23 09:13:50 - INFO - Start analyse candidate - (service.py:78)
2025-06-23 09:13:52 - INFO - Done analyse candidate - (service.py:97)
2025-06-23 09:13:52 - INFO - Time analyse candidate: 2.060656785964966 - (service.py:98)
2025-06-23 09:26:11 - INFO - File saved successfully: /Users/xiu/Documents/FullStack/fastapi/backend/upload/candidate/20250623142611-Xiu_CL_AI_May25_AIDeveloper.docx - (service.py:38)
2025-06-23 09:26:11 - INFO - Start analyse candidate - (service.py:78)
2025-06-23 09:26:13 - INFO - Done analyse candidate - (service.py:97)
2025-06-23 09:26:13 - INFO - Time analyse candidate: 1.8026928901672363 - (service.py:98)
2025-06-23 09:31:36 - INFO - File saved successfully: /Users/xiu/Documents/FullStack/fastapi/backend/upload/candidate/20250623143136-Xiu_CL_AI_May25_AIDeveloper.docx - (service.py:38)
2025-06-23 09:31:36 - INFO - Start analyse candidate - (service.py:78)
2025-06-23 09:31:37 - INFO - Done analyse candidate - (service.py:97)
2025-06-23 09:31:37 - INFO - Time analyse candidate: 1.7645940780639648 - (service.py:98)
2025-06-23 09:33:06 - INFO - File saved successfully: /Users/xiu/Documents/FullStack/fastapi/backend/upload/candidate/20250623143306-Xiu_CL_AI_May25_AIDeveloper.docx - (service.py:38)
2025-06-23 09:33:06 - INFO - Start analyse candidate - (service.py:78)
2025-06-23 09:33:08 - INFO - Done analyse candidate - (service.py:97)
2025-06-23 09:33:08 - INFO - Time analyse candidate: 2.13154673576355 - (service.py:98)
2025-06-23 09:34:58 - INFO - File saved successfully: /Users/xiu/Documents/FullStack/fastapi/backend/upload/candidate/20250623143458-Xiu_CL_AI_May25_AIDeveloper.docx - (service.py:38)
2025-06-23 09:34:58 - INFO - Start analyse candidate - (service.py:78)
2025-06-23 09:34:59 - INFO - Done analyse candidate - (service.py:97)
2025-06-23 09:34:59 - INFO - Time analyse candidate: 1.788445234298706 - (service.py:98)
2025-06-23 09:39:03 - INFO - File saved successfully: /Users/xiu/Documents/FullStack/fastapi/backend/upload/candidate/20250623143903-Xiu_CL_AI_May25_C.docx - (service.py:38)
2025-06-23 09:39:03 - INFO - Start analyse candidate - (service.py:78)
2025-06-23 09:39:05 - INFO - Done analyse candidate - (service.py:97)
2025-06-23 09:39:05 - INFO - Time analyse candidate: 1.6275458335876465 - (service.py:98)
2025-06-23 09:42:03 - INFO - File saved successfully: /Users/xiu/Documents/FullStack/fastapi/backend/upload/candidate/20250623144203-Xiu_CL_AI_May25_AIDeveloper.docx - (service.py:38)
2025-06-23 09:42:03 - INFO - Start analyse candidate - (service.py:78)
2025-06-23 09:42:05 - INFO - Done analyse candidate - (service.py:97)
2025-06-23 09:42:05 - INFO - Time analyse candidate: 2.1192469596862793 - (service.py:98)
2025-06-23 09:45:31 - INFO - File saved successfully: /Users/xiu/Documents/FullStack/fastapi/backend/upload/candidate/20250623144531-Xiu_CL_AI_May25_AIDeveloper.docx - (service.py:38)
2025-06-23 09:45:31 - INFO - Start analyse candidate - (service.py:78)
2025-06-23 09:45:33 - INFO - Done analyse candidate - (service.py:97)
2025-06-23 09:45:33 - INFO - Time analyse candidate: 1.971480131149292 - (service.py:98)
2025-06-23 09:46:57 - INFO - File saved successfully: /Users/xiu/Documents/FullStack/fastapi/backend/upload/candidate/20250623144657-Xiu_CL_AI_May25_AIDeveloper.docx - (service.py:38)
2025-06-23 09:46:57 - INFO - Start analyse candidate - (service.py:78)
2025-06-23 09:46:59 - INFO - Done analyse candidate - (service.py:97)
2025-06-23 09:46:59 - INFO - Time analyse candidate: 2.1280062198638916 - (service.py:98)
2025-06-23 09:52:50 - INFO - File saved successfully: /Users/xiu/Documents/FullStack/fastapi/backend/upload/candidate/20250623145250-Xiu_CL_AI_May25_AIDeveloper.docx - (service.py:38)
2025-06-23 09:52:50 - INFO - Start analyse candidate - (service.py:78)
2025-06-23 09:52:52 - INFO - Done analyse candidate - (service.py:97)
2025-06-23 09:52:52 - INFO - Time analyse candidate: 1.88444185256958 - (service.py:98)
2025-06-23 09:53:56 - INFO - Start analyse matching - (service.py:31)
2025-06-23 09:53:59 - INFO - Done analyse matching - (service.py:73)
2025-06-23 09:53:59 - INFO - Time analyse matching: 2.3506579399108887 - (service.py:74)
2025-06-23 09:57:06 - INFO - File saved successfully: /Users/xiu/Documents/FullStack/fastapi/backend/upload/candidate/20250623145706-Xiu_CL_AI_May25_C.docx - (service.py:38)
2025-06-23 09:57:06 - INFO - Start analyse candidate - (service.py:78)
2025-06-23 09:57:08 - INFO - Done analyse candidate - (service.py:97)
2025-06-23 09:57:08 - INFO - Time analyse candidate: 2.347872018814087 - (service.py:98)
2025-06-23 09:57:18 - INFO - Start analyse matching - (service.py:31)
2025-06-23 09:57:20 - INFO - Done analyse matching - (service.py:75)
2025-06-23 09:57:20 - INFO - Time analyse matching: 2.067535161972046 - (service.py:76)
2025-06-23 09:59:52 - INFO - File saved successfully: /Users/xiu/Documents/FullStack/fastapi/backend/upload/candidate/20250623145952-Xiu_CL_AI_May25_AIDeveloper.docx - (service.py:38)
2025-06-23 09:59:52 - INFO - Start analyse candidate - (service.py:78)
2025-06-23 09:59:54 - INFO - Done analyse candidate - (service.py:97)
2025-06-23 09:59:54 - INFO - Time analyse candidate: 1.8478431701660156 - (service.py:98)
2025-06-23 10:00:49 - INFO - Start analyse matching - (service.py:31)
2025-06-23 10:00:51 - INFO - Done analyse matching - (service.py:76)
2025-06-23 10:00:51 - INFO - Time analyse matching: 2.0827150344848633 - (service.py:77)
2025-06-23 10:06:21 - INFO - File saved successfully: /Users/xiu/Documents/FullStack/fastapi/backend/upload/candidate/20250623150621-Xiu_CL_AI_May25_AIDeveloper.docx - (service.py:38)
2025-06-23 10:06:21 - INFO - Start analyse candidate - (service.py:78)
2025-06-23 10:06:23 - INFO - Done analyse candidate - (service.py:97)
2025-06-23 10:06:23 - INFO - Time analyse candidate: 2.1831719875335693 - (service.py:98)
2025-06-23 10:09:11 - INFO - Start analyse matching - (service.py:31)
2025-06-23 10:09:14 - INFO - Done analyse matching - (service.py:76)
2025-06-23 10:09:14 - INFO - Time analyse matching: 2.119310140609741 - (service.py:77)
2025-06-23 13:23:09 - INFO - File saved successfully: /Users/xiu/Documents/FullStack/fastapi/backend/upload/candidate/20250623182309-Xiu_CL_AI_May25_C.docx - (service.py:38)
2025-06-23 13:23:10 - INFO - Start analyse candidate - (service.py:78)
2025-06-23 13:23:12 - INFO - Done analyse candidate - (service.py:97)
2025-06-23 13:23:12 - INFO - Time analyse candidate: 2.1738688945770264 - (service.py:98)
2025-06-23 13:24:36 - INFO - Start analyse matching - (service.py:31)
2025-06-23 13:24:38 - INFO - Done analyse matching - (service.py:76)
2025-06-23 13:24:38 - INFO - Time analyse matching: 1.8468358516693115 - (service.py:77)
2025-06-23 13:32:21 - INFO - Start analyse matching - (service.py:31)
2025-06-23 13:32:23 - INFO - Done analyse matching - (service.py:76)
2025-06-23 13:32:23 - INFO - Time analyse matching: 1.7433509826660156 - (service.py:77)
2025-06-24 05:14:07 - INFO - File saved successfully: /Users/xiu/Documents/FullStack/fastapi/backend/upload/candidate/20250624101407-Xiu_CL_AI_May25_C.docx - (service.py:38)
2025-06-24 05:14:07 - INFO - Start analyse candidate - (service.py:78)
2025-06-24 05:14:08 - INFO - Done analyse candidate - (service.py:97)
2025-06-24 05:14:08 - INFO - Time analyse candidate: 1.8920271396636963 - (service.py:98)
2025-06-24 05:19:17 - INFO - Start analyse matching - (service.py:31)
2025-06-24 05:19:19 - INFO - Done analyse matching - (service.py:76)
2025-06-24 05:19:19 - INFO - Time analyse matching: 1.7663750648498535 - (service.py:77)
2025-06-24 05:23:34 - INFO - Start analyse matching - (service.py:31)
2025-06-24 05:23:37 - INFO - Done analyse matching - (service.py:76)
2025-06-24 05:23:37 - INFO - Time analyse matching: 2.132011651992798 - (service.py:77)
2025-06-24 05:24:42 - INFO - Start analyse matching - (service.py:31)
2025-06-24 05:24:44 - INFO - Done analyse matching - (service.py:76)
2025-06-24 05:24:44 - INFO - Time analyse matching: 1.8923680782318115 - (service.py:77)
2025-06-24 05:31:04 - INFO - File saved successfully: /Users/xiu/Documents/FullStack/fastapi/backend/upload/candidate/20250624103104-Xiu_CL_AI_May25_C.docx - (service.py:38)
2025-06-24 05:31:04 - INFO - Start analyse candidate - (service.py:78)
2025-06-24 05:31:06 - INFO - Done analyse candidate - (service.py:97)
2025-06-24 05:31:06 - INFO - Time analyse candidate: 2.006253242492676 - (service.py:98)
2025-06-24 05:31:34 - INFO - Start analyse matching - (service.py:31)
2025-06-24 05:31:36 - INFO - Done analyse matching - (service.py:76)
2025-06-24 05:31:36 - INFO - Time analyse matching: 2.2050158977508545 - (service.py:77)
2025-06-24 05:55:20 - INFO - File saved successfully: /Users/xiu/Documents/FullStack/fastapi/backend/upload/candidate/20250624105520-Xiu_CL_AI_May25_C.docx - (service.py:38)
2025-06-24 05:55:20 - INFO - Start analyse candidate - (service.py:78)
2025-06-24 05:55:22 - INFO - Done analyse candidate - (service.py:97)
2025-06-24 05:55:22 - INFO - Time analyse candidate: 2.3217129707336426 - (service.py:98)
2025-06-24 05:55:29 - INFO - Start analyse matching - (service.py:31)
2025-06-24 05:55:31 - INFO - Done analyse matching - (service.py:76)
2025-06-24 05:55:31 - INFO - Time analyse matching: 1.831653118133545 - (service.py:77)
2025-06-24 05:57:21 - INFO - Start analyse matching - (service.py:31)
2025-06-24 05:57:23 - INFO - Done analyse matching - (service.py:76)
2025-06-24 05:57:23 - INFO - Time analyse matching: 1.8529767990112305 - (service.py:77)
2025-06-24 06:11:42 - INFO - File saved successfully: /Users/xiu/Documents/FullStack/fastapi/backend/upload/candidate/20250624111142-Xiu_CL_AI_May25_CL.docx - (service.py:38)
2025-06-24 06:11:42 - INFO - Start analyse candidate - (service.py:78)
2025-06-24 06:11:44 - INFO - Done analyse candidate - (service.py:97)
2025-06-24 06:11:44 - INFO - Time analyse candidate: 1.651606798171997 - (service.py:98)
2025-06-24 06:12:02 - INFO - Start analyse matching - (service.py:31)
2025-06-24 06:12:03 - INFO - Done analyse matching - (service.py:76)
2025-06-24 06:12:03 - INFO - Time analyse matching: 1.724942922592163 - (service.py:77)
2025-06-24 06:12:14 - INFO - Start analyse matching - (service.py:31)
2025-06-24 06:12:17 - INFO - Done analyse matching - (service.py:76)
2025-06-24 06:12:17 - INFO - Time analyse matching: 2.30873703956604 - (service.py:77)
2025-06-24 06:13:34 - INFO - File saved successfully: /Users/xiu/Documents/FullStack/fastapi/backend/upload/candidate/20250624111334-Xiu_CL_AI_May25_DS.docx - (service.py:38)
2025-06-24 06:13:34 - INFO - Start analyse candidate - (service.py:78)
2025-06-24 06:13:35 - INFO - Done analyse candidate - (service.py:97)
2025-06-24 06:13:35 - INFO - Time analyse candidate: 1.5995221138000488 - (service.py:98)
2025-06-24 06:26:11 - INFO - File saved successfully: /Users/xiu/Documents/FullStack/fastapi/backend/upload/candidate/20250624112611-Xiu_CL_AI_May25_CL.docx - (service.py:38)
2025-06-24 06:26:11 - INFO - Start analyse candidate - (service.py:78)
2025-06-24 06:26:13 - INFO - Done analyse candidate - (service.py:97)
2025-06-24 06:26:13 - INFO - Time analyse candidate: 1.830826997756958 - (service.py:98)
2025-06-24 06:26:23 - INFO - Start analyse matching - (service.py:31)
2025-06-24 06:26:26 - INFO - Done analyse matching - (service.py:76)
2025-06-24 06:26:26 - INFO - Time analyse matching: 2.1055140495300293 - (service.py:77)
2025-06-24 06:26:34 - INFO - Start analyse matching - (service.py:31)
2025-06-24 06:26:35 - INFO - Done analyse matching - (service.py:76)
2025-06-24 06:26:35 - INFO - Time analyse matching: 1.4299240112304688 - (service.py:77)
2025-06-24 06:30:18 - INFO - File saved successfully: /Users/xiu/Documents/FullStack/fastapi/backend/upload/candidate/20250624113018-Xiu_CL_AI_May25_AIDeveloper.docx - (service.py:38)
2025-06-24 06:30:18 - INFO - Start analyse candidate - (service.py:78)
2025-06-24 06:30:19 - INFO - Done analyse candidate - (service.py:97)
2025-06-24 06:30:19 - INFO - Time analyse candidate: 1.656275987625122 - (service.py:98)
2025-06-24 06:30:33 - INFO - Start analyse matching - (service.py:31)
2025-06-24 06:30:35 - INFO - Done analyse matching - (service.py:76)
2025-06-24 06:30:35 - INFO - Time analyse matching: 2.1534430980682373 - (service.py:77)
2025-06-24 06:30:43 - INFO - Start analyse matching - (service.py:31)
2025-06-24 06:30:45 - INFO - Done analyse matching - (service.py:76)
2025-06-24 06:30:45 - INFO - Time analyse matching: 1.6252458095550537 - (service.py:77)
2025-06-24 06:31:33 - INFO - Start analyse matching - (service.py:31)
2025-06-24 06:31:35 - INFO - Done analyse matching - (service.py:76)
2025-06-24 06:31:35 - INFO - Time analyse matching: 1.976388931274414 - (service.py:77)
2025-06-25 05:34:00 - INFO - File saved successfully: /Users/xiu/Documents/FullStack/fastapi/backend/upload/candidate/20250625103400-Xiu_CL_AI_May25_SE_JS.docx - (service.py:38)
2025-06-25 05:34:00 - INFO - Start analyse candidate - (service.py:78)
2025-06-25 05:34:04 - INFO - Done analyse candidate - (service.py:97)
2025-06-25 05:34:04 - INFO - Time analyse candidate: 3.1736886501312256 - (service.py:98)
2025-06-25 05:34:19 - INFO - Start analyse matching - (service.py:31)
2025-06-25 05:34:21 - INFO - Done analyse matching - (service.py:76)
2025-06-25 05:34:21 - INFO - Time analyse matching: 1.817945957183838 - (service.py:77)
2025-06-25 06:10:37 - INFO - File saved successfully: /Users/xiu/Documents/FullStack/fastapi/backend/upload/candidate/20250625111037-Xiu_CL_AI_May25_SE_JS.docx - (service.py:38)
2025-06-25 06:10:37 - INFO - Start analyse candidate - (service.py:78)
2025-06-25 06:10:39 - INFO - Done analyse candidate - (service.py:97)
2025-06-25 06:10:39 - INFO - Time analyse candidate: 1.7669448852539062 - (service.py:98)
2025-06-25 06:27:48 - INFO - Start analyse matching - (service.py:31)
2025-06-25 06:27:49 - INFO - Done analyse matching - (service.py:76)
2025-06-25 06:27:49 - INFO - Time analyse matching: 1.6152780055999756 - (service.py:77)
2025-06-25 09:28:22 - INFO - Start analyse matching - (service.py:31)
2025-06-25 09:28:24 - INFO - Done analyse matching - (service.py:76)
2025-06-25 09:28:24 - INFO - Time analyse matching: 1.6377108097076416 - (service.py:77)
2025-07-17 03:12:33 - INFO - File saved successfully: /Users/xiu/Documents/FullStack/fastapi/backend/upload/candidate/20250717081233-Xiu_CL_AI_May25_SE_C.pdf - (service.py:38)
2025-07-17 03:12:33 - INFO - Start analyse candidate - (service.py:78)
2025-07-17 03:12:34 - INFO - Done analyse candidate - (service.py:97)
2025-07-17 03:12:34 - INFO - Time analyse candidate: 1.2336010932922363 - (service.py:98)
2025-07-17 03:12:34 - INFO - File saved successfully: /Users/xiu/Documents/FullStack/fastapi/backend/upload/candidate/20250717081234-Xiu_CL_AI_May25_SE_C.docx - (service.py:38)
2025-07-17 03:12:34 - INFO - Start analyse candidate - (service.py:78)
2025-07-17 03:12:35 - INFO - Done analyse candidate - (service.py:97)
2025-07-17 03:12:35 - INFO - Time analyse candidate: 1.0479187965393066 - (service.py:98)
2025-07-17 03:13:07 - INFO - File saved successfully: /Users/xiu/Documents/FullStack/fastapi/backend/upload/candidate/20250717081307-Xiu_CL_AI_May25_SE_C.docx - (service.py:38)
2025-07-17 03:13:07 - INFO - Start analyse candidate - (service.py:78)
2025-07-17 03:13:09 - INFO - Done analyse candidate - (service.py:97)
2025-07-17 03:13:09 - INFO - Time analyse candidate: 1.2640910148620605 - (service.py:98)
2025-07-17 03:13:09 - INFO - File saved successfully: /Users/xiu/Documents/FullStack/fastapi/backend/upload/candidate/20250717081309-Xiu_CL_AI_May25_SE_C.pdf - (service.py:38)
2025-07-17 03:13:09 - INFO - Start analyse candidate - (service.py:78)
2025-07-17 03:13:10 - INFO - Done analyse candidate - (service.py:97)
2025-07-17 03:13:10 - INFO - Time analyse candidate: 0.853032112121582 - (service.py:98)
2025-07-17 03:26:24 - INFO - File saved successfully: /Users/xiu/Documents/FullStack/fastapi/backend/upload/candidate/20250717082624-Xiu_CL_AI_May25_SE_C.pdf - (service.py:38)
2025-07-17 03:26:24 - INFO - Start analyse candidate - (service.py:78)
2025-07-17 03:26:26 - INFO - Done analyse candidate - (service.py:97)
2025-07-17 03:26:26 - INFO - Time analyse candidate: 1.2490990161895752 - (service.py:98)
2025-07-17 03:26:26 - INFO - File saved successfully: /Users/xiu/Documents/FullStack/fastapi/backend/upload/candidate/20250717082626-Xiu_CL_AI_May25_SE_JS.pdf - (service.py:38)
2025-07-17 03:26:26 - INFO - Start analyse candidate - (service.py:78)
2025-07-17 03:26:27 - INFO - Done analyse candidate - (service.py:97)
2025-07-17 03:26:27 - INFO - Time analyse candidate: 0.9591670036315918 - (service.py:98)
2025-07-17 03:36:38 - INFO - File saved successfully: /Users/xiu/Documents/FullStack/fastapi/backend/upload/candidate/20250717083638-Xiu_CL_AI_May25_SE_JS.pdf - (service.py:38)
2025-07-17 03:36:38 - INFO - Start analyse candidate - (service.py:78)
2025-07-17 03:36:39 - INFO - Done analyse candidate - (service.py:97)
2025-07-17 03:36:39 - INFO - Time analyse candidate: 1.2191276550292969 - (service.py:98)
2025-07-17 03:36:39 - INFO - File saved successfully: /Users/xiu/Documents/FullStack/fastapi/backend/upload/candidate/20250717083639-Xiu_CL_AI_May25_SE_C.pdf - (service.py:38)
2025-07-17 03:36:39 - INFO - Start analyse candidate - (service.py:78)
2025-07-17 03:36:40 - INFO - Done analyse candidate - (service.py:97)
2025-07-17 03:36:40 - INFO - Time analyse candidate: 0.8735918998718262 - (service.py:98)
2025-07-17 03:36:48 - INFO - Start analyse matching - (service.py:31)
2025-07-17 03:36:49 - INFO - Done analyse matching - (service.py:76)
2025-07-17 03:36:49 - INFO - Time analyse matching: 1.0477848052978516 - (service.py:77)
2025-07-17 03:36:49 - INFO - Start analyse matching - (service.py:31)
2025-07-17 03:36:50 - INFO - Done analyse matching - (service.py:76)
2025-07-17 03:36:50 - INFO - Time analyse matching: 1.07039213180542 - (service.py:77)
2025-07-17 03:38:12 - INFO - Start analyse matching - (service.py:31)
2025-07-17 03:38:14 - INFO - Done analyse matching - (service.py:76)
2025-07-17 03:38:14 - INFO - Time analyse matching: 1.6576428413391113 - (service.py:77)
2025-07-17 03:38:14 - INFO - Start analyse matching - (service.py:31)
2025-07-17 03:38:15 - INFO - Done analyse matching - (service.py:76)
2025-07-17 03:38:15 - INFO - Time analyse matching: 1.130171298980713 - (service.py:77)
2025-07-17 03:38:47 - INFO - Start analyse matching - (service.py:31)
2025-07-17 03:38:48 - INFO - Done analyse matching - (service.py:76)
2025-07-17 03:38:48 - INFO - Time analyse matching: 1.061828851699829 - (service.py:77)
2025-07-17 03:38:48 - INFO - Start analyse matching - (service.py:31)
2025-07-17 03:38:49 - INFO - Done analyse matching - (service.py:76)
2025-07-17 03:38:49 - INFO - Time analyse matching: 1.2285568714141846 - (service.py:77)
2025-07-17 03:39:17 - INFO - Start analyse matching - (service.py:31)
2025-07-17 03:39:18 - INFO - Done analyse matching - (service.py:76)
2025-07-17 03:39:18 - INFO - Time analyse matching: 1.0773730278015137 - (service.py:77)
2025-07-17 03:39:18 - INFO - Start analyse matching - (service.py:31)
2025-07-17 03:39:19 - INFO - Done analyse matching - (service.py:76)
2025-07-17 03:39:19 - INFO - Time analyse matching: 1.0129051208496094 - (service.py:77)
2025-07-17 04:07:22 - INFO - File saved successfully: /Users/xiu/Documents/FullStack/fastapi/backend/upload/candidate/20250717090722-Xiu_CL_AI_May25_JAVA.docx - (service.py:38)
2025-07-17 04:07:22 - INFO - Start analyse candidate - (service.py:78)
2025-07-17 04:07:24 - INFO - Done analyse candidate - (service.py:97)
2025-07-17 04:07:24 - INFO - Time analyse candidate: 1.3337290287017822 - (service.py:98)
2025-07-17 04:07:24 - INFO - File saved successfully: /Users/xiu/Documents/FullStack/fastapi/backend/upload/candidate/20250717090724-Xiu_CL_AI_May25_JAVA.pdf - (service.py:38)
2025-07-17 04:07:24 - INFO - Start analyse candidate - (service.py:78)
2025-07-17 04:07:25 - INFO - Done analyse candidate - (service.py:97)
2025-07-17 04:07:25 - INFO - Time analyse candidate: 1.6137640476226807 - (service.py:98)
2025-07-17 04:07:25 - INFO - File saved successfully: /Users/xiu/Documents/FullStack/fastapi/backend/upload/candidate/20250717090725-Xiu_CL_AI_May25_SE_C.docx - (service.py:38)
2025-07-17 04:07:25 - INFO - Start analyse candidate - (service.py:78)
2025-07-17 04:07:26 - INFO - Done analyse candidate - (service.py:97)
2025-07-17 04:07:26 - INFO - Time analyse candidate: 0.9371511936187744 - (service.py:98)
2025-07-17 04:07:26 - INFO - File saved successfully: /Users/xiu/Documents/FullStack/fastapi/backend/upload/candidate/20250717090726-Xiu_CL_AI_May25_SE_C.pdf - (service.py:38)
2025-07-17 04:07:26 - INFO - Start analyse candidate - (service.py:78)
2025-07-17 04:07:28 - INFO - Done analyse candidate - (service.py:97)
2025-07-17 04:07:28 - INFO - Time analyse candidate: 1.3351640701293945 - (service.py:98)
2025-07-17 04:07:43 - INFO - Start analyse matching - (service.py:31)
2025-07-17 04:07:44 - INFO - Done analyse matching - (service.py:76)
2025-07-17 04:07:44 - INFO - Time analyse matching: 1.2423739433288574 - (service.py:77)
2025-07-17 04:07:44 - INFO - Start analyse matching - (service.py:31)
2025-07-17 04:07:45 - INFO - Done analyse matching - (service.py:76)
2025-07-17 04:07:45 - INFO - Time analyse matching: 1.1541240215301514 - (service.py:77)
2025-07-17 04:07:45 - INFO - Start analyse matching - (service.py:31)
2025-07-17 04:07:46 - INFO - Done analyse matching - (service.py:76)
2025-07-17 04:07:46 - INFO - Time analyse matching: 1.112044095993042 - (service.py:77)
2025-07-17 04:07:46 - INFO - Start analyse matching - (service.py:31)
2025-07-17 04:07:48 - INFO - Done analyse matching - (service.py:76)
2025-07-17 04:07:48 - INFO - Time analyse matching: 1.4994838237762451 - (service.py:77)
2025-07-17 04:09:06 - INFO - File saved successfully: /Users/xiu/Documents/FullStack/fastapi/backend/upload/candidate/20250717090906-Xiu_CL_AI_May25_SE_JS.docx - (service.py:38)
2025-07-17 04:09:06 - INFO - Start analyse candidate - (service.py:78)
2025-07-17 04:09:07 - INFO - Done analyse candidate - (service.py:97)
2025-07-17 04:09:07 - INFO - Time analyse candidate: 0.9130558967590332 - (service.py:98)
2025-07-17 04:09:07 - INFO - File saved successfully: /Users/xiu/Documents/FullStack/fastapi/backend/upload/candidate/20250717090907-Xiu_CV_AI_June25_JAVA.docx - (service.py:38)
2025-07-17 04:09:07 - INFO - Start analyse candidate - (service.py:78)
2025-07-17 04:09:09 - INFO - Done analyse candidate - (service.py:97)
2025-07-17 04:09:09 - INFO - Time analyse candidate: 1.3287770748138428 - (service.py:98)
2025-07-17 04:09:09 - INFO - File saved successfully: /Users/xiu/Documents/FullStack/fastapi/backend/upload/candidate/20250717090909-Xiu_CV_AI_June25_JAVA.pdf - (service.py:38)
2025-07-17 04:09:09 - INFO - Start analyse candidate - (service.py:78)
2025-07-17 04:09:10 - INFO - Done analyse candidate - (service.py:97)
2025-07-17 04:09:10 - INFO - Time analyse candidate: 1.4874639511108398 - (service.py:98)
2025-07-17 04:09:10 - INFO - File saved successfully: /Users/xiu/Documents/FullStack/fastapi/backend/upload/candidate/20250717090910-Xiu_CL_AI_May25_SE_JS.pdf - (service.py:38)
2025-07-17 04:09:10 - INFO - Start analyse candidate - (service.py:78)
2025-07-17 04:09:11 - INFO - Done analyse candidate - (service.py:97)
2025-07-17 04:09:11 - INFO - Time analyse candidate: 0.885653018951416 - (service.py:98)
2025-07-17 04:09:23 - INFO - Start analyse matching - (service.py:31)
2025-07-17 04:09:24 - INFO - Done analyse matching - (service.py:76)
2025-07-17 04:09:24 - INFO - Time analyse matching: 1.0974698066711426 - (service.py:77)
2025-07-17 04:09:24 - INFO - Start analyse matching - (service.py:31)
2025-07-17 04:09:25 - INFO - Done analyse matching - (service.py:76)
2025-07-17 04:09:25 - INFO - Time analyse matching: 0.9236328601837158 - (service.py:77)
2025-07-17 04:09:25 - INFO - Start analyse matching - (service.py:31)
2025-07-17 04:09:26 - INFO - Done analyse matching - (service.py:76)
2025-07-17 04:09:26 - INFO - Time analyse matching: 1.2263860702514648 - (service.py:77)
2025-07-17 04:09:26 - INFO - Start analyse matching - (service.py:31)
2025-07-17 04:09:27 - INFO - Done analyse matching - (service.py:76)
2025-07-17 04:09:27 - INFO - Time analyse matching: 1.170936107635498 - (service.py:77)
2025-07-17 04:09:27 - INFO - Start analyse matching - (service.py:31)
2025-07-17 04:09:29 - INFO - Done analyse matching - (service.py:76)
2025-07-17 04:09:29 - INFO - Time analyse matching: 1.7986817359924316 - (service.py:77)
2025-07-17 04:10:03 - INFO - Start analyse matching - (service.py:31)
2025-07-17 04:10:04 - INFO - Done analyse matching - (service.py:76)
2025-07-17 04:10:04 - INFO - Time analyse matching: 1.1109139919281006 - (service.py:77)
2025-07-17 04:10:04 - INFO - Start analyse matching - (service.py:31)
2025-07-17 04:10:05 - INFO - Done analyse matching - (service.py:76)
2025-07-17 04:10:05 - INFO - Time analyse matching: 1.3301610946655273 - (service.py:77)
2025-07-17 04:10:05 - INFO - Start analyse matching - (service.py:31)
2025-07-17 04:10:07 - INFO - Done analyse matching - (service.py:76)
2025-07-17 04:10:07 - INFO - Time analyse matching: 1.436283826828003 - (service.py:77)
2025-07-17 04:10:07 - INFO - Start analyse matching - (service.py:31)
2025-07-17 04:10:13 - INFO - Done analyse matching - (service.py:76)
2025-07-17 04:10:13 - INFO - Time analyse matching: 6.243437051773071 - (service.py:77)
2025-07-17 04:27:45 - INFO - File saved successfully: /Users/xiu/Documents/FullStack/fastapi/backend/upload/candidate/20250717092745-Xiu_CL_AI_May25_SE_C.docx - (service.py:38)
2025-07-17 04:27:45 - INFO - Start analyse candidate - (service.py:78)
2025-07-17 04:27:47 - INFO - Done analyse candidate - (service.py:97)
2025-07-17 04:27:47 - INFO - Time analyse candidate: 1.2280890941619873 - (service.py:98)
2025-07-17 04:27:47 - INFO - File saved successfully: /Users/xiu/Documents/FullStack/fastapi/backend/upload/candidate/20250717092747-Xiu_CL_AI_May25_SE_JS.docx - (service.py:38)
2025-07-17 04:27:47 - INFO - Start analyse candidate - (service.py:78)
2025-07-17 04:27:48 - INFO - Done analyse candidate - (service.py:97)
2025-07-17 04:27:48 - INFO - Time analyse candidate: 0.9023139476776123 - (service.py:98)
2025-07-17 04:27:48 - INFO - File saved successfully: /Users/xiu/Documents/FullStack/fastapi/backend/upload/candidate/20250717092748-Xiu_CV_AI_May25.docx - (service.py:38)
2025-07-17 04:27:48 - INFO - Start analyse candidate - (service.py:78)
2025-07-17 04:27:49 - INFO - Done analyse candidate - (service.py:97)
2025-07-17 04:27:49 - INFO - Time analyse candidate: 1.2941880226135254 - (service.py:98)
2025-07-17 04:27:49 - INFO - File saved successfully: /Users/xiu/Documents/FullStack/fastapi/backend/upload/candidate/20250717092749-Xiu_CL_AI_May25_SE_JS.pdf - (service.py:38)
2025-07-17 04:27:49 - INFO - Start analyse candidate - (service.py:78)
2025-07-17 04:27:50 - INFO - Done analyse candidate - (service.py:97)
2025-07-17 04:27:50 - INFO - Time analyse candidate: 0.8833229541778564 - (service.py:98)
2025-07-17 04:27:50 - INFO - File saved successfully: /Users/xiu/Documents/FullStack/fastapi/backend/upload/candidate/20250717092750-Xiu_CV_AI_June25_JAVA.docx - (service.py:38)
2025-07-17 04:27:50 - INFO - Start analyse candidate - (service.py:78)
2025-07-17 04:27:51 - INFO - Done analyse candidate - (service.py:97)
2025-07-17 04:27:51 - INFO - Time analyse candidate: 1.4226138591766357 - (service.py:98)
2025-07-17 04:27:51 - INFO - File saved successfully: /Users/xiu/Documents/FullStack/fastapi/backend/upload/candidate/20250717092751-Xiu_CL_AI_May25_SE_C.pdf - (service.py:38)
2025-07-17 04:27:51 - INFO - Start analyse candidate - (service.py:78)
2025-07-17 04:27:52 - INFO - Done analyse candidate - (service.py:97)
2025-07-17 04:27:52 - INFO - Time analyse candidate: 0.880681037902832 - (service.py:98)
2025-07-17 04:27:52 - INFO - File saved successfully: /Users/xiu/Documents/FullStack/fastapi/backend/upload/candidate/20250717092752-Xiu_CV_AI_May25.pdf - (service.py:38)
2025-07-17 04:27:52 - INFO - Start analyse candidate - (service.py:78)
2025-07-17 04:27:54 - INFO - Done analyse candidate - (service.py:97)
2025-07-17 04:27:54 - INFO - Time analyse candidate: 1.5733871459960938 - (service.py:98)
2025-07-17 04:27:54 - INFO - File saved successfully: /Users/xiu/Documents/FullStack/fastapi/backend/upload/candidate/20250717092754-Xiu_CV_AI_June25_JAVA.pdf - (service.py:38)
2025-07-17 04:27:54 - INFO - Start analyse candidate - (service.py:78)
2025-07-17 04:27:59 - INFO - Done analyse candidate - (service.py:97)
2025-07-17 04:27:59 - INFO - Time analyse candidate: 4.479705095291138 - (service.py:98)
2025-07-17 04:28:37 - INFO - File saved successfully: /Users/xiu/Documents/FullStack/fastapi/backend/upload/candidate/20250717092837-Xiu_CL_DE_Oct24_DE.docx - (service.py:38)
2025-07-17 04:28:37 - INFO - Start analyse candidate - (service.py:78)
2025-07-17 04:28:38 - INFO - Done analyse candidate - (service.py:97)
2025-07-17 04:28:38 - INFO - Time analyse candidate: 1.0773649215698242 - (service.py:98)
2025-07-17 04:28:38 - INFO - File saved successfully: /Users/xiu/Documents/FullStack/fastapi/backend/upload/candidate/20250717092838-Xiu_CL_DE_Oct24_SE.docx - (service.py:38)
2025-07-17 04:28:38 - INFO - Start analyse candidate - (service.py:78)
2025-07-17 04:28:39 - INFO - Done analyse candidate - (service.py:97)
2025-07-17 04:28:39 - INFO - Time analyse candidate: 1.1274209022521973 - (service.py:98)
2025-07-17 04:29:16 - INFO - Start analyse matching - (service.py:31)
2025-07-17 04:29:17 - INFO - Done analyse matching - (service.py:76)
2025-07-17 04:29:17 - INFO - Time analyse matching: 1.4319779872894287 - (service.py:77)
2025-07-17 04:29:17 - INFO - Start analyse matching - (service.py:31)
2025-07-17 04:29:17 - INFO - Start analyse matching - (service.py:31)
2025-07-17 04:29:17 - INFO - Start analyse matching - (service.py:31)
2025-07-17 04:29:17 - INFO - Start analyse matching - (service.py:31)
2025-07-17 04:29:18 - INFO - Start analyse matching - (service.py:31)
2025-07-17 04:29:18 - INFO - Start analyse matching - (service.py:31)
2025-07-17 04:29:18 - INFO - Start analyse matching - (service.py:31)
2025-07-17 04:29:18 - INFO - Start analyse matching - (service.py:31)
2025-07-17 04:29:18 - INFO - Start analyse matching - (service.py:31)
2025-07-17 04:29:18 - INFO - Start analyse matching - (service.py:31)
2025-07-17 10:48:47 - INFO - File saved successfully: /Users/xiu/Documents/FullStack/fastapi/backend/upload/candidate/20250717154847-Xiu_CL_AI_May25.docx - (service.py:38)
2025-07-17 10:48:47 - INFO - Start analyse candidate - (service.py:78)
2025-07-17 10:48:48 - INFO - Done analyse candidate - (service.py:97)
2025-07-17 10:48:48 - INFO - Time analyse candidate: 1.0891859531402588 - (service.py:98)
2025-07-17 10:48:48 - INFO - File saved successfully: /Users/xiu/Documents/FullStack/fastapi/backend/upload/candidate/20250717154848-Xiu_CL_AI_May25_SeniorScientist.pdf - (service.py:38)
2025-07-17 10:48:48 - INFO - Start analyse candidate - (service.py:78)
2025-07-17 10:48:49 - INFO - Done analyse candidate - (service.py:97)
2025-07-17 10:48:49 - INFO - Time analyse candidate: 0.9717698097229004 - (service.py:98)
2025-07-17 10:48:49 - INFO - File saved successfully: /Users/xiu/Documents/FullStack/fastapi/backend/upload/candidate/20250717154849-Xiu_CV_AI_June25.docx - (service.py:38)
2025-07-17 10:48:49 - INFO - Start analyse candidate - (service.py:78)
2025-07-17 10:48:51 - INFO - Done analyse candidate - (service.py:97)
2025-07-17 10:48:51 - INFO - Time analyse candidate: 1.4695100784301758 - (service.py:98)
2025-07-17 10:48:51 - INFO - File saved successfully: /Users/xiu/Documents/FullStack/fastapi/backend/upload/candidate/20250717154851-Xiu_CV_AI_May25.docx - (service.py:38)
2025-07-17 10:48:51 - INFO - Start analyse candidate - (service.py:78)
2025-07-17 10:48:52 - INFO - Done analyse candidate - (service.py:97)
2025-07-17 10:48:52 - INFO - Time analyse candidate: 1.4057908058166504 - (service.py:98)
2025-07-17 10:48:52 - INFO - File saved successfully: /Users/xiu/Documents/FullStack/fastapi/backend/upload/candidate/20250717154852-Xiu_CV_AI_June25.pdf - (service.py:38)
2025-07-17 10:48:52 - INFO - Start analyse candidate - (service.py:78)
2025-07-17 10:48:54 - INFO - Done analyse candidate - (service.py:97)
2025-07-17 10:48:54 - INFO - Time analyse candidate: 1.4767963886260986 - (service.py:98)
2025-07-17 10:48:54 - INFO - File saved successfully: /Users/xiu/Documents/FullStack/fastapi/backend/upload/candidate/20250717154854-Xiu_CV_AI_May25.pdf - (service.py:38)
2025-07-17 10:48:54 - INFO - Start analyse candidate - (service.py:78)
2025-07-17 10:48:55 - INFO - Done analyse candidate - (service.py:97)
2025-07-17 10:48:55 - INFO - Time analyse candidate: 1.5117928981781006 - (service.py:98)
2025-07-17 10:49:27 - INFO - Start analyse matching - (service.py:31)
2025-07-17 10:49:28 - INFO - Done analyse matching - (service.py:76)
2025-07-17 10:49:28 - INFO - Time analyse matching: 1.1297621726989746 - (service.py:77)
2025-07-17 10:49:28 - INFO - Start analyse matching - (service.py:31)
2025-07-17 10:49:30 - INFO - Done analyse matching - (service.py:76)
2025-07-17 10:49:30 - INFO - Time analyse matching: 1.127431869506836 - (service.py:77)
2025-07-17 10:49:30 - INFO - Start analyse matching - (service.py:31)
2025-07-17 10:49:31 - INFO - Done analyse matching - (service.py:76)
2025-07-17 10:49:31 - INFO - Time analyse matching: 1.1707310676574707 - (service.py:77)
2025-07-17 10:49:31 - INFO - Start analyse matching - (service.py:31)
2025-07-17 10:49:32 - INFO - Done analyse matching - (service.py:76)
2025-07-17 10:49:32 - INFO - Time analyse matching: 1.2849071025848389 - (service.py:77)
2025-07-17 10:49:32 - INFO - Start analyse matching - (service.py:31)
2025-07-17 10:49:35 - INFO - Done analyse matching - (service.py:76)
2025-07-17 10:49:35 - INFO - Time analyse matching: 3.278923988342285 - (service.py:77)
2025-07-17 10:49:35 - INFO - Start analyse matching - (service.py:31)
2025-07-17 10:49:45 - INFO - Done analyse matching - (service.py:76)
2025-07-17 10:49:45 - INFO - Time analyse matching: 9.21528697013855 - (service.py:77)
2025-07-17 11:02:56 - INFO - Start analyse matching - (service.py:31)
2025-07-17 11:02:57 - INFO - Done analyse matching - (service.py:76)
2025-07-17 11:02:57 - INFO - Time analyse matching: 1.5720949172973633 - (service.py:77)
2025-07-17 11:02:57 - INFO - Start analyse matching - (service.py:31)
2025-07-17 11:02:59 - INFO - Done analyse matching - (service.py:76)
2025-07-17 11:02:59 - INFO - Time analyse matching: 1.2610058784484863 - (service.py:77)
2025-07-17 11:02:59 - INFO - Start analyse matching - (service.py:31)
2025-07-17 11:02:59 - INFO - Start analyse matching - (service.py:31)
2025-07-17 11:02:59 - INFO - Start analyse matching - (service.py:31)
2025-07-17 11:02:59 - INFO - Start analyse matching - (service.py:31)
2025-07-17 11:04:47 - INFO - File saved successfully: /Users/xiu/Documents/FullStack/fastapi/backend/upload/candidate/20250717160447-Xiu_CL_AI_May25.docx - (service.py:38)
2025-07-17 11:04:47 - INFO - Start analyse candidate - (service.py:78)
2025-07-17 11:04:47 - INFO - File saved successfully: /Users/xiu/Documents/FullStack/fastapi/backend/upload/candidate/20250717160447-Xiu_CL_AI_May25_SeniorScientist.pdf - (service.py:38)
2025-07-17 11:04:47 - INFO - Start analyse candidate - (service.py:78)
2025-07-17 11:04:48 - INFO - File saved successfully: /Users/xiu/Documents/FullStack/fastapi/backend/upload/candidate/20250717160448-Xiu_CV_AI_June25.docx - (service.py:38)
2025-07-17 11:04:48 - INFO - Start analyse candidate - (service.py:78)
2025-07-17 13:57:44 - INFO - File saved successfully: /Users/xiu/Documents/FullStack/fastapi/backend/upload/candidate/20250717185744-Xiu_CL_AI_May25_SeniorScientist.pdf - (service.py:39)
2025-07-17 13:57:44 - INFO - Start analyse candidate - (service.py:107)
2025-07-17 13:57:44 - INFO - File saved successfully: /Users/xiu/Documents/FullStack/fastapi/backend/upload/candidate/20250717185744-Xiu_CL_AI_May25.docx - (service.py:39)
2025-07-17 13:57:44 - INFO - Start analyse candidate - (service.py:107)
2025-07-17 13:57:46 - INFO - File saved successfully: /Users/xiu/Documents/FullStack/fastapi/backend/upload/candidate/20250717185746-Xiu_CL_AI_May25_SeniorScientist.pdf - (service.py:39)
2025-07-17 13:57:46 - INFO - Start analyse candidate - (service.py:107)
2025-07-17 13:57:46 - INFO - File saved successfully: /Users/xiu/Documents/FullStack/fastapi/backend/upload/candidate/20250717185746-Xiu_CL_AI_May25.docx - (service.py:39)
2025-07-17 13:57:46 - INFO - Start analyse candidate - (service.py:107)
2025-07-17 13:58:10 - INFO - File saved successfully: /Users/xiu/Documents/FullStack/fastapi/backend/upload/candidate/20250717185810-Xiu_CL_AI_May25.docx - (service.py:39)
2025-07-17 13:58:10 - INFO - Start analyse candidate - (service.py:107)
2025-07-17 13:58:10 - INFO - File saved successfully: /Users/xiu/Documents/FullStack/fastapi/backend/upload/candidate/20250717185810-Xiu_CL_AI_May25_SeniorScientist.pdf - (service.py:39)
2025-07-17 13:58:10 - INFO - Start analyse candidate - (service.py:107)
2025-07-17 13:59:16 - INFO - File saved successfully: /Users/xiu/Documents/FullStack/fastapi/backend/upload/candidate/20250717185916-Xiu_CL_AI_May25.docx - (service.py:39)
2025-07-17 13:59:16 - INFO - Start analyse candidate - (service.py:107)
2025-07-17 14:05:31 - INFO - File saved successfully: /Users/xiu/Documents/FullStack/fastapi/backend/upload/candidate/20250717190531-Xiu_CL_AI_May25_060625.pdf - (service.py:39)
2025-07-17 14:05:31 - INFO - Start analyse candidate - (service.py:107)
2025-07-17 14:14:46 - INFO - File saved successfully: /Users/xiu/Documents/FullStack/fastapi/backend/upload/candidate/20250717191446-Xiu_CL_AI_May25_060625.pdf - (service.py:39)
2025-07-17 14:14:46 - INFO - Start analyse candidate - (service.py:107)
2025-07-17 14:31:36 - INFO - File saved successfully: /Users/xiu/Documents/FullStack/fastapi/backend/upload/candidate/20250717193136-Xiu_CL_AI_May25_060625.pdf - (service.py:39)
2025-07-17 14:31:36 - INFO - Start analyse candidate - (service.py:107)
2025-07-17 14:33:53 - INFO - File saved successfully: /Users/xiu/Documents/FullStack/fastapi/backend/upload/candidate/20250717193353-Xiu_CL_AI_May25_AIDeveloper.docx - (service.py:39)
2025-07-17 14:33:53 - INFO - Start analyse candidate - (service.py:107)
2025-07-17 14:36:19 - INFO - File saved successfully: /Users/xiu/Documents/FullStack/fastapi/backend/upload/candidate/20250717193619-Xiu_CL_AI_May25_AIDeveloper.docx - (service.py:39)
2025-07-17 14:36:19 - INFO - Start analyse candidate - (service.py:107)
2025-07-17 14:36:58 - INFO - File saved successfully: /Users/xiu/Documents/FullStack/fastapi/backend/upload/candidate/20250717193658-Xiu_CL_AI_May25_AIDeveloper.docx - (service.py:39)
2025-07-17 14:36:58 - INFO - Start analyse candidate - (service.py:107)
2025-07-17 15:00:21 - INFO - File saved successfully: /Users/xiu/Documents/FullStack/fastapi/backend/upload/candidate/20250717200021-Xiu_CL_AI_May25_C.docx - (service.py:39)
2025-07-17 15:00:21 - INFO - Start analyse candidate - (service.py:105)
2025-07-17 15:02:09 - INFO - File saved successfully: /Users/xiu/Documents/FullStack/fastapi/backend/upload/candidate/20250717200209-Xiu_CL_AI_May25_C.docx - (service.py:39)
2025-07-17 15:02:09 - INFO - Start analyse candidate - (service.py:105)
2025-07-17 15:03:14 - INFO - File saved successfully: /Users/xiu/Documents/FullStack/fastapi/backend/upload/candidate/20250717200314-Xiu_CL_AI_May25_C.docx - (service.py:39)
2025-07-17 15:03:14 - INFO - Start analyse candidate - (service.py:105)
2025-07-17 15:05:15 - INFO - File saved successfully: /Users/xiu/Documents/FullStack/fastapi/backend/upload/candidate/20250717200515-Xiu_CL_AI_May25_C.docx - (service.py:39)
2025-07-17 15:05:15 - INFO - Start analyse candidate - (service.py:105)
2025-07-17 15:07:09 - INFO - File saved successfully: /Users/xiu/Documents/FullStack/fastapi/backend/upload/candidate/20250717200709-Xiu_CL_AI_May25_C.docx - (service.py:39)
2025-07-17 15:07:09 - INFO - Start analyse candidate - (service.py:105)
2025-07-17 15:07:24 - INFO - File saved successfully: /Users/xiu/Documents/FullStack/fastapi/backend/upload/candidate/20250717200724-Xiu_CL_AI_May25_C.docx - (service.py:39)
2025-07-17 15:07:24 - INFO - Start analyse candidate - (service.py:105)
2025-07-17 15:12:37 - INFO - File saved successfully: /Users/xiu/Documents/FullStack/fastapi/backend/upload/candidate/20250717201237-Xiu_CL_AI_May25_C.docx - (service.py:39)
2025-07-17 15:12:37 - INFO - Start analyse candidate - (service.py:105)
2025-07-17 15:13:33 - INFO - File saved successfully: /Users/xiu/Documents/FullStack/fastapi/backend/upload/candidate/20250717201333-Xiu_CL_AI_May25_C.docx - (service.py:39)
2025-07-17 15:13:33 - INFO - Start analyse candidate - (service.py:105)
2025-07-17 15:13:35 - INFO - Done analyse candidate - (service.py:125)
2025-07-17 15:13:35 - INFO - Time analyse candidate: 2.5361452102661133 - (service.py:126)
2025-07-17 15:21:28 - INFO - File saved successfully: /Users/xiu/Documents/FullStack/fastapi/backend/upload/candidate/20250717202128-Xiu_CV_AI_June25.docx - (service.py:39)
2025-07-17 15:21:28 - INFO - Start analyse candidate - (service.py:105)
2025-07-17 15:21:38 - INFO - Done analyse candidate - (service.py:125)
2025-07-17 15:21:38 - INFO - Time analyse candidate: 9.795599937438965 - (service.py:126)
